 * Stopping Send an event to indicate plymouth is up[74G[ OK ]
 * Starting Mount filesystems on boot[74G[ OK ]
 * Starting Signal sysvinit that the rootfs is mounted[74G[ OK ]
 * Starting Populate /dev filesystem[74G[ OK ]
 * Stopping Populate /dev filesystem[74G[ OK ]
 * Starting Clean /tmp directory[74G[ OK ]
 * Starting Populate and link to /run filesystem[74G[ OK ]
 * Stopping Clean /tmp directory[74G[ OK ]
 * Stopping Populate and link to /run filesystem[74G[ OK ]
 * Starting Signal sysvinit that virtual filesystems are mounted[74G[ OK ]
 * Starting Signal sysvinit that virtual filesystems are mounted[74G[ OK ]
 * Starting Bridge udev events into upstart[74G[ OK ]
 * Stopping Track if upstart is running in a container[74G[ OK ]
 * Starting Signal sysvinit that local filesystems are mounted[74G[ OK ]
 * Starting device node and kernel event manager[74G[ OK ]
 * Starting Signal sysvinit that remote filesystems are mounted[74G[ OK ]
 * Stopping Mount filesystems on boot[74G[ OK ]
 * Starting flush early job output to logs[74G[ OK ]
 * Starting load modules from /etc/modules[74G[ OK ]
 * Starting cold plug devices[74G[ OK ]
 * Starting log initial device creation[74G[ OK ]
 * Stopping flush early job output to logs[74G[ OK ]
 * Stopping load modules from /etc/modules[74G[ OK ]
 * Starting set console font[74G[ OK ]
 * Stopping set console font[74G[ OK ]
 * Starting userspace bootsplash[74G[ OK ]
 * Starting system logging daemon[74G[ OK ]
 * Stopping userspace bootsplash[74G[ OK ]
 * Starting Send an event to indicate plymouth is up[74G[ OK ]
 * Stopping Send an event to indicate plymouth is up[74G[ OK ]
 * Stopping cold plug devices[74G[ OK ]
 * Stopping log initial device creation[74G[ OK ]
 * Starting configure network device security[74G[ OK ]
 * Starting save udev log and update rules[74G[ OK ]
 * Stopping save udev log and update rules[74G[ OK ]
 * Starting configure network device security[74G[ OK ]
 * Starting configure network device[74G[ OK ]
 * Starting Mount network filesystems[74G[ OK ]
 * Starting Failsafe Boot Delay[74G[ OK ]
 * Stopping Mount network filesystems[74G[ OK ]
 * Starting configure network device security[74G[ OK ]
 * Starting configure network device[74G[ OK ]
 * Starting Bridge socket events into upstart[74G[ OK ]
 * Starting Bridge file events into upstart[74G[ OK ]
 * Starting Mount network filesystems[74G[ OK ]
 * Stopping Failsafe Boot Delay[74G[ OK ]
 * Starting System V initialisation compatibility[74G[ OK ]
 * Starting configure virtual network devices[74G[ OK ]
 * Stopping Mount network filesystems[74G[ OK ]
 * Stopping System V initialisation compatibility[74G[ OK ]
 * Starting System V runlevel compatibility[74G[ OK ]
 * Starting save kernel messages[74G[ OK ]
 * Starting regular background program processing daemon[74G[ OK ]
 * Stopping System V runlevel compatibility[74G[ OK ]
 * Stopping save kernel messages[74G[ OK ]
 * Starting OpenSSH server[74G[ OK ]
