2000-01-01 01:02:25 startup archives unpack
2000-01-01 01:02:26 upgrade libdrm2:armhf 2.4.54-1~linaro1 2.4.56-1~linaro1
2000-01-01 01:02:26 status half-configured libdrm2:armhf 2.4.54-1~linaro1
2000-01-01 01:02:26 status unpacked libdrm2:armhf 2.4.54-1~linaro1
2000-01-01 01:02:26 status half-installed libdrm2:armhf 2.4.54-1~linaro1
2000-01-01 01:02:27 status half-installed libdrm2:armhf 2.4.54-1~linaro1
2000-01-01 01:02:27 status unpacked libdrm2:armhf 2.4.56-1~linaro1
2000-01-01 01:02:27 status unpacked libdrm2:armhf 2.4.56-1~linaro1
2000-01-01 01:02:28 startup packages configure
2000-01-01 01:02:28 configure libdrm2:armhf 2.4.56-1~linaro1 <none>
2000-01-01 01:02:28 status unpacked libdrm2:armhf 2.4.56-1~linaro1
2000-01-01 01:02:28 status half-configured libdrm2:armhf 2.4.56-1~linaro1
2000-01-01 01:02:28 status installed libdrm2:armhf 2.4.56-1~linaro1
2000-01-01 01:02:28 status triggers-pending libc-bin:armhf 2.19-0ubuntu6
2000-01-01 01:02:28 trigproc libc-bin:armhf 2.19-0ubuntu6 <none>
2000-01-01 01:02:28 status half-configured libc-bin:armhf 2.19-0ubuntu6
2000-01-01 01:02:29 status installed libc-bin:armhf 2.19-0ubuntu6
2000-01-01 01:04:09 startup archives unpack
2000-01-01 01:04:10 install libedit2:armhf <none> 3.1-20130712-2
2000-01-01 01:04:10 status half-installed libedit2:armhf 3.1-20130712-2
2000-01-01 01:04:10 status unpacked libedit2:armhf 3.1-20130712-2
2000-01-01 01:04:10 status unpacked libedit2:armhf 3.1-20130712-2
2000-01-01 01:04:11 install libkrb5support0:armhf <none> 1.12+dfsg-2ubuntu4
2000-01-01 01:04:11 status half-installed libkrb5support0:armhf 1.12+dfsg-2ubuntu4
2000-01-01 01:04:11 status unpacked libkrb5support0:armhf 1.12+dfsg-2ubuntu4
2000-01-01 01:04:11 status unpacked libkrb5support0:armhf 1.12+dfsg-2ubuntu4
2000-01-01 01:04:11 install libk5crypto3:armhf <none> 1.12+dfsg-2ubuntu4
2000-01-01 01:04:11 status half-installed libk5crypto3:armhf 1.12+dfsg-2ubuntu4
2000-01-01 01:04:11 status unpacked libk5crypto3:armhf 1.12+dfsg-2ubuntu4
2000-01-01 01:04:11 status unpacked libk5crypto3:armhf 1.12+dfsg-2ubuntu4
2000-01-01 01:04:12 install libkeyutils1:armhf <none> 1.5.6-1
2000-01-01 01:04:12 status half-installed libkeyutils1:armhf 1.5.6-1
2000-01-01 01:04:12 status unpacked libkeyutils1:armhf 1.5.6-1
2000-01-01 01:04:12 status unpacked libkeyutils1:armhf 1.5.6-1
2000-01-01 01:04:13 install libkrb5-3:armhf <none> 1.12+dfsg-2ubuntu4
2000-01-01 01:04:13 status half-installed libkrb5-3:armhf 1.12+dfsg-2ubuntu4
2000-01-01 01:04:13 status unpacked libkrb5-3:armhf 1.12+dfsg-2ubuntu4
2000-01-01 01:04:13 status unpacked libkrb5-3:armhf 1.12+dfsg-2ubuntu4
2000-01-01 01:04:14 install libgssapi-krb5-2:armhf <none> 1.12+dfsg-2ubuntu4
2000-01-01 01:04:14 status half-installed libgssapi-krb5-2:armhf 1.12+dfsg-2ubuntu4
2000-01-01 01:04:14 status unpacked libgssapi-krb5-2:armhf 1.12+dfsg-2ubuntu4
2000-01-01 01:04:14 status unpacked libgssapi-krb5-2:armhf 1.12+dfsg-2ubuntu4
2000-01-01 01:04:15 install libidn11:armhf <none> 1.28-1ubuntu2
2000-01-01 01:04:15 status half-installed libidn11:armhf 1.28-1ubuntu2
2000-01-01 01:04:16 status unpacked libidn11:armhf 1.28-1ubuntu2
2000-01-01 01:04:16 status unpacked libidn11:armhf 1.28-1ubuntu2
2000-01-01 01:04:17 install libxau6:armhf <none> 1:1.0.8-1
2000-01-01 01:04:17 status half-installed libxau6:armhf 1:1.0.8-1
2000-01-01 01:04:17 status unpacked libxau6:armhf 1:1.0.8-1
2000-01-01 01:04:17 status unpacked libxau6:armhf 1:1.0.8-1
2000-01-01 01:04:17 install libxdmcp6:armhf <none> 1:1.1.1-1
2000-01-01 01:04:17 status half-installed libxdmcp6:armhf 1:1.1.1-1
2000-01-01 01:04:17 status unpacked libxdmcp6:armhf 1:1.1.1-1
2000-01-01 01:04:17 status unpacked libxdmcp6:armhf 1:1.1.1-1
2000-01-01 01:04:17 install libxcb1:armhf <none> 1.10-2ubuntu1
2000-01-01 01:04:17 status half-installed libxcb1:armhf 1.10-2ubuntu1
2000-01-01 01:04:18 status unpacked libxcb1:armhf 1.10-2ubuntu1
2000-01-01 01:04:18 status unpacked libxcb1:armhf 1.10-2ubuntu1
2000-01-01 01:04:18 install libx11-data:all <none> 2:1.6.2-1ubuntu2
2000-01-01 01:04:18 status half-installed libx11-data:all 2:1.6.2-1ubuntu2
2000-01-01 01:04:26 status unpacked libx11-data:all 2:1.6.2-1ubuntu2
2000-01-01 01:04:26 status unpacked libx11-data:all 2:1.6.2-1ubuntu2
2000-01-01 01:04:26 install libx11-6:armhf <none> 2:1.6.2-1ubuntu2
2000-01-01 01:04:26 status half-installed libx11-6:armhf 2:1.6.2-1ubuntu2
2000-01-01 01:04:27 status unpacked libx11-6:armhf 2:1.6.2-1ubuntu2
2000-01-01 01:04:27 status unpacked libx11-6:armhf 2:1.6.2-1ubuntu2
2000-01-01 01:04:28 install libxext6:armhf <none> 2:1.3.2-1
2000-01-01 01:04:28 status half-installed libxext6:armhf 2:1.3.2-1
2000-01-01 01:04:28 status unpacked libxext6:armhf 2:1.3.2-1
2000-01-01 01:04:28 status unpacked libxext6:armhf 2:1.3.2-1
2000-01-01 01:04:28 install libxmuu1:armhf <none> 2:1.1.1-1
2000-01-01 01:04:28 status half-installed libxmuu1:armhf 2:1.1.1-1
2000-01-01 01:04:28 status unpacked libxmuu1:armhf 2:1.1.1-1
2000-01-01 01:04:28 status unpacked libxmuu1:armhf 2:1.1.1-1
2000-01-01 01:04:28 install libck-connector0:armhf <none> 0.4.5-3.1ubuntu2
2000-01-01 01:04:28 status half-installed libck-connector0:armhf 0.4.5-3.1ubuntu2
2000-01-01 01:04:29 status unpacked libck-connector0:armhf 0.4.5-3.1ubuntu2
2000-01-01 01:04:29 status unpacked libck-connector0:armhf 0.4.5-3.1ubuntu2
2000-01-01 01:04:29 install libwrap0:armhf <none> 7.6.q-25
2000-01-01 01:04:29 status half-installed libwrap0:armhf 7.6.q-25
2000-01-01 01:04:29 status unpacked libwrap0:armhf 7.6.q-25
2000-01-01 01:04:29 status unpacked libwrap0:armhf 7.6.q-25
2000-01-01 01:04:30 install openssl:armhf <none> 1.0.1h-0linaro1
2000-01-01 01:04:30 status half-installed openssl:armhf 1.0.1h-0linaro1
2000-01-01 01:04:34 status unpacked openssl:armhf 1.0.1h-0linaro1
2000-01-01 01:04:34 status unpacked openssl:armhf 1.0.1h-0linaro1
2000-01-01 01:04:35 install ca-certificates:all <none> 20130906ubuntu2
2000-01-01 01:04:35 status half-installed ca-certificates:all 20130906ubuntu2
2000-01-01 01:04:38 status unpacked ca-certificates:all 20130906ubuntu2
2000-01-01 01:04:38 status unpacked ca-certificates:all 20130906ubuntu2
2000-01-01 01:04:39 install krb5-locales:all <none> 1.12+dfsg-2ubuntu4
2000-01-01 01:04:39 status half-installed krb5-locales:all 1.12+dfsg-2ubuntu4
2000-01-01 01:04:39 status unpacked krb5-locales:all 1.12+dfsg-2ubuntu4
2000-01-01 01:04:39 status unpacked krb5-locales:all 1.12+dfsg-2ubuntu4
2000-01-01 01:04:39 install nano:armhf <none> 2.2.6-1ubuntu1
2000-01-01 01:04:39 status half-installed nano:armhf 2.2.6-1ubuntu1
2000-01-01 01:04:41 status unpacked nano:armhf 2.2.6-1ubuntu1
2000-01-01 01:04:41 status unpacked nano:armhf 2.2.6-1ubuntu1
2000-01-01 01:04:41 install openssh-client:armhf <none> 1:6.6p1-2ubuntu1
2000-01-01 01:04:41 status half-installed openssh-client:armhf 1:6.6p1-2ubuntu1
2000-01-01 01:04:43 status unpacked openssh-client:armhf 1:6.6p1-2ubuntu1
2000-01-01 01:04:43 status unpacked openssh-client:armhf 1:6.6p1-2ubuntu1
2000-01-01 01:04:44 install wget:armhf <none> 1.15-1ubuntu1
2000-01-01 01:04:44 status half-installed wget:armhf 1.15-1ubuntu1
2000-01-01 01:04:45 status unpacked wget:armhf 1.15-1ubuntu1
2000-01-01 01:04:45 status unpacked wget:armhf 1.15-1ubuntu1
2000-01-01 01:04:45 install xauth:armhf <none> 1:1.0.7-1ubuntu1
2000-01-01 01:04:45 status half-installed xauth:armhf 1:1.0.7-1ubuntu1
2000-01-01 01:04:46 status unpacked xauth:armhf 1:1.0.7-1ubuntu1
2000-01-01 01:04:46 status unpacked xauth:armhf 1:1.0.7-1ubuntu1
2000-01-01 01:04:46 install python-support:all <none> 1.0.15
2000-01-01 01:04:46 status half-installed python-support:all 1.0.15
2000-01-01 01:04:47 status unpacked python-support:all 1.0.15
2000-01-01 01:04:47 status unpacked python-support:all 1.0.15
2000-01-01 01:04:47 install cpuset:all <none> 1.5.6-3
2000-01-01 01:04:47 status half-installed cpuset:all 1.5.6-3
2000-01-01 01:04:48 status unpacked cpuset:all 1.5.6-3
2000-01-01 01:04:48 status unpacked cpuset:all 1.5.6-3
2000-01-01 01:04:48 install ncurses-term:all <none> 5.9+20140118-1ubuntu1
2000-01-01 01:04:48 status half-installed ncurses-term:all 5.9+20140118-1ubuntu1
2000-01-01 01:04:51 status unpacked ncurses-term:all 5.9+20140118-1ubuntu1
2000-01-01 01:04:51 status unpacked ncurses-term:all 5.9+20140118-1ubuntu1
2000-01-01 01:04:51 install openssh-sftp-server:armhf <none> 1:6.6p1-2ubuntu1
2000-01-01 01:04:51 status half-installed openssh-sftp-server:armhf 1:6.6p1-2ubuntu1
2000-01-01 01:04:52 status unpacked openssh-sftp-server:armhf 1:6.6p1-2ubuntu1
2000-01-01 01:04:52 status unpacked openssh-sftp-server:armhf 1:6.6p1-2ubuntu1
2000-01-01 01:04:52 install openssh-server:armhf <none> 1:6.6p1-2ubuntu1
2000-01-01 01:04:52 status half-installed openssh-server:armhf 1:6.6p1-2ubuntu1
2000-01-01 01:04:53 status unpacked openssh-server:armhf 1:6.6p1-2ubuntu1
2000-01-01 01:04:53 status unpacked openssh-server:armhf 1:6.6p1-2ubuntu1
2000-01-01 01:04:54 install python-chardet:all <none> 2.0.1-2build2
2000-01-01 01:04:54 status half-installed python-chardet:all 2.0.1-2build2
2000-01-01 01:04:59 status unpacked python-chardet:all 2.0.1-2build2
2000-01-01 01:04:59 status unpacked python-chardet:all 2.0.1-2build2
2000-01-01 01:04:59 install python-six:all <none> 1.5.2-1
2000-01-01 01:04:59 status half-installed python-six:all 1.5.2-1
2000-01-01 01:05:00 status unpacked python-six:all 1.5.2-1
2000-01-01 01:05:00 status unpacked python-six:all 1.5.2-1
2000-01-01 01:05:00 install python-urllib3:all <none> 1.7.1-1build1
2000-01-01 01:05:00 status half-installed python-urllib3:all 1.7.1-1build1
2000-01-01 01:05:01 status unpacked python-urllib3:all 1.7.1-1build1
2000-01-01 01:05:01 status unpacked python-urllib3:all 1.7.1-1build1
2000-01-01 01:05:01 install python-requests:all <none> 2.2.1-1
2000-01-01 01:05:01 status half-installed python-requests:all 2.2.1-1
2000-01-01 01:05:02 status unpacked python-requests:all 2.2.1-1
2000-01-01 01:05:02 status unpacked python-requests:all 2.2.1-1
2000-01-01 01:05:02 install tcpd:armhf <none> 7.6.q-25
2000-01-01 01:05:02 status half-installed tcpd:armhf 7.6.q-25
2000-01-01 01:05:02 status unpacked tcpd:armhf 7.6.q-25
2000-01-01 01:05:02 status unpacked tcpd:armhf 7.6.q-25
2000-01-01 01:05:02 install monit:armhf <none> 1:5.6-2
2000-01-01 01:05:02 status half-installed monit:armhf 1:5.6-2
2000-01-01 01:05:03 status unpacked monit:armhf 1:5.6-2
2000-01-01 01:05:04 status unpacked monit:armhf 1:5.6-2
2000-01-01 01:05:04 install ssh-import-id:all <none> 3.21-0ubuntu1
2000-01-01 01:05:04 status half-installed ssh-import-id:all 3.21-0ubuntu1
2000-01-01 01:05:04 status unpacked ssh-import-id:all 3.21-0ubuntu1
2000-01-01 01:05:04 status unpacked ssh-import-id:all 3.21-0ubuntu1
2000-01-01 01:05:05 startup packages configure
2000-01-01 01:05:05 configure libedit2:armhf 3.1-20130712-2 <none>
2000-01-01 01:05:05 status unpacked libedit2:armhf 3.1-20130712-2
2000-01-01 01:05:05 status half-configured libedit2:armhf 3.1-20130712-2
2000-01-01 01:05:05 status installed libedit2:armhf 3.1-20130712-2
2000-01-01 01:05:06 status triggers-pending libc-bin:armhf 2.19-0ubuntu6
2000-01-01 01:05:06 configure libkrb5support0:armhf 1.12+dfsg-2ubuntu4 <none>
2000-01-01 01:05:06 status unpacked libkrb5support0:armhf 1.12+dfsg-2ubuntu4
2000-01-01 01:05:06 status half-configured libkrb5support0:armhf 1.12+dfsg-2ubuntu4
2000-01-01 01:05:06 status installed libkrb5support0:armhf 1.12+dfsg-2ubuntu4
2000-01-01 01:05:06 configure libk5crypto3:armhf 1.12+dfsg-2ubuntu4 <none>
2000-01-01 01:05:06 status unpacked libk5crypto3:armhf 1.12+dfsg-2ubuntu4
2000-01-01 01:05:06 status half-configured libk5crypto3:armhf 1.12+dfsg-2ubuntu4
2000-01-01 01:05:06 status installed libk5crypto3:armhf 1.12+dfsg-2ubuntu4
2000-01-01 01:05:07 configure libkeyutils1:armhf 1.5.6-1 <none>
2000-01-01 01:05:07 status unpacked libkeyutils1:armhf 1.5.6-1
2000-01-01 01:05:07 status half-configured libkeyutils1:armhf 1.5.6-1
2000-01-01 01:05:07 status installed libkeyutils1:armhf 1.5.6-1
2000-01-01 01:05:07 configure libkrb5-3:armhf 1.12+dfsg-2ubuntu4 <none>
2000-01-01 01:05:07 status unpacked libkrb5-3:armhf 1.12+dfsg-2ubuntu4
2000-01-01 01:05:07 status half-configured libkrb5-3:armhf 1.12+dfsg-2ubuntu4
2000-01-01 01:05:07 status installed libkrb5-3:armhf 1.12+dfsg-2ubuntu4
2000-01-01 01:05:07 configure libgssapi-krb5-2:armhf 1.12+dfsg-2ubuntu4 <none>
2000-01-01 01:05:07 status unpacked libgssapi-krb5-2:armhf 1.12+dfsg-2ubuntu4
2000-01-01 01:05:07 status half-configured libgssapi-krb5-2:armhf 1.12+dfsg-2ubuntu4
2000-01-01 01:05:07 status installed libgssapi-krb5-2:armhf 1.12+dfsg-2ubuntu4
2000-01-01 01:05:07 configure libidn11:armhf 1.28-1ubuntu2 <none>
2000-01-01 01:05:07 status unpacked libidn11:armhf 1.28-1ubuntu2
2000-01-01 01:05:07 status half-configured libidn11:armhf 1.28-1ubuntu2
2000-01-01 01:05:08 status installed libidn11:armhf 1.28-1ubuntu2
2000-01-01 01:05:08 configure libxau6:armhf 1:1.0.8-1 <none>
2000-01-01 01:05:08 status unpacked libxau6:armhf 1:1.0.8-1
2000-01-01 01:05:08 status half-configured libxau6:armhf 1:1.0.8-1
2000-01-01 01:05:08 status installed libxau6:armhf 1:1.0.8-1
2000-01-01 01:05:08 configure libxdmcp6:armhf 1:1.1.1-1 <none>
2000-01-01 01:05:08 status unpacked libxdmcp6:armhf 1:1.1.1-1
2000-01-01 01:05:08 status half-configured libxdmcp6:armhf 1:1.1.1-1
2000-01-01 01:05:08 status installed libxdmcp6:armhf 1:1.1.1-1
2000-01-01 01:05:09 configure libxcb1:armhf 1.10-2ubuntu1 <none>
2000-01-01 01:05:09 status unpacked libxcb1:armhf 1.10-2ubuntu1
2000-01-01 01:05:09 status half-configured libxcb1:armhf 1.10-2ubuntu1
2000-01-01 01:05:09 status installed libxcb1:armhf 1.10-2ubuntu1
2000-01-01 01:05:09 configure libx11-data:all 2:1.6.2-1ubuntu2 <none>
2000-01-01 01:05:09 status unpacked libx11-data:all 2:1.6.2-1ubuntu2
2000-01-01 01:05:09 status half-configured libx11-data:all 2:1.6.2-1ubuntu2
2000-01-01 01:05:09 status installed libx11-data:all 2:1.6.2-1ubuntu2
2000-01-01 01:05:09 configure libx11-6:armhf 2:1.6.2-1ubuntu2 <none>
2000-01-01 01:05:09 status unpacked libx11-6:armhf 2:1.6.2-1ubuntu2
2000-01-01 01:05:09 status half-configured libx11-6:armhf 2:1.6.2-1ubuntu2
2000-01-01 01:05:09 status installed libx11-6:armhf 2:1.6.2-1ubuntu2
2000-01-01 01:05:09 configure libxext6:armhf 2:1.3.2-1 <none>
2000-01-01 01:05:09 status unpacked libxext6:armhf 2:1.3.2-1
2000-01-01 01:05:09 status half-configured libxext6:armhf 2:1.3.2-1
2000-01-01 01:05:09 status installed libxext6:armhf 2:1.3.2-1
2000-01-01 01:05:09 configure libxmuu1:armhf 2:1.1.1-1 <none>
2000-01-01 01:05:09 status unpacked libxmuu1:armhf 2:1.1.1-1
2000-01-01 01:05:09 status half-configured libxmuu1:armhf 2:1.1.1-1
2000-01-01 01:05:10 status installed libxmuu1:armhf 2:1.1.1-1
2000-01-01 01:05:10 configure libck-connector0:armhf 0.4.5-3.1ubuntu2 <none>
2000-01-01 01:05:10 status unpacked libck-connector0:armhf 0.4.5-3.1ubuntu2
2000-01-01 01:05:10 status half-configured libck-connector0:armhf 0.4.5-3.1ubuntu2
2000-01-01 01:05:10 status installed libck-connector0:armhf 0.4.5-3.1ubuntu2
2000-01-01 01:05:10 configure libwrap0:armhf 7.6.q-25 <none>
2000-01-01 01:05:10 status unpacked libwrap0:armhf 7.6.q-25
2000-01-01 01:05:10 status half-configured libwrap0:armhf 7.6.q-25
2000-01-01 01:05:10 status installed libwrap0:armhf 7.6.q-25
2000-01-01 01:05:10 configure openssl:armhf 1.0.1h-0linaro1 <none>
2000-01-01 01:05:10 status unpacked openssl:armhf 1.0.1h-0linaro1
2000-01-01 01:05:10 status unpacked openssl:armhf 1.0.1h-0linaro1
2000-01-01 01:05:10 status half-configured openssl:armhf 1.0.1h-0linaro1
2000-01-01 01:05:10 status installed openssl:armhf 1.0.1h-0linaro1
2000-01-01 01:05:10 configure ca-certificates:all 20130906ubuntu2 <none>
2000-01-01 01:05:10 status unpacked ca-certificates:all 20130906ubuntu2
2000-01-01 01:05:11 status half-configured ca-certificates:all 20130906ubuntu2
2000-01-01 01:05:14 status installed ca-certificates:all 20130906ubuntu2
2000-01-01 01:05:14 status triggers-pending ca-certificates:all 20130906ubuntu2
2000-01-01 01:05:14 configure krb5-locales:all 1.12+dfsg-2ubuntu4 <none>
2000-01-01 01:05:14 status unpacked krb5-locales:all 1.12+dfsg-2ubuntu4
2000-01-01 01:05:14 status half-configured krb5-locales:all 1.12+dfsg-2ubuntu4
2000-01-01 01:05:15 status installed krb5-locales:all 1.12+dfsg-2ubuntu4
2000-01-01 01:05:15 configure nano:armhf 2.2.6-1ubuntu1 <none>
2000-01-01 01:05:15 status unpacked nano:armhf 2.2.6-1ubuntu1
2000-01-01 01:05:15 status unpacked nano:armhf 2.2.6-1ubuntu1
2000-01-01 01:05:15 status half-configured nano:armhf 2.2.6-1ubuntu1
2000-01-01 01:05:15 status installed nano:armhf 2.2.6-1ubuntu1
2000-01-01 01:05:15 configure openssh-client:armhf 1:6.6p1-2ubuntu1 <none>
2000-01-01 01:05:15 status unpacked openssh-client:armhf 1:6.6p1-2ubuntu1
2000-01-01 01:05:15 status unpacked openssh-client:armhf 1:6.6p1-2ubuntu1
2000-01-01 01:05:15 status unpacked openssh-client:armhf 1:6.6p1-2ubuntu1
2000-01-01 01:05:15 status half-configured openssh-client:armhf 1:6.6p1-2ubuntu1
2000-01-01 01:05:16 status installed openssh-client:armhf 1:6.6p1-2ubuntu1
2000-01-01 01:05:16 configure wget:armhf 1.15-1ubuntu1 <none>
2000-01-01 01:05:16 status unpacked wget:armhf 1.15-1ubuntu1
2000-01-01 01:05:17 status unpacked wget:armhf 1.15-1ubuntu1
2000-01-01 01:05:17 status half-configured wget:armhf 1.15-1ubuntu1
2000-01-01 01:05:17 status installed wget:armhf 1.15-1ubuntu1
2000-01-01 01:05:17 configure xauth:armhf 1:1.0.7-1ubuntu1 <none>
2000-01-01 01:05:17 status unpacked xauth:armhf 1:1.0.7-1ubuntu1
2000-01-01 01:05:17 status half-configured xauth:armhf 1:1.0.7-1ubuntu1
2000-01-01 01:05:17 status installed xauth:armhf 1:1.0.7-1ubuntu1
2000-01-01 01:05:17 configure python-support:all 1.0.15 <none>
2000-01-01 01:05:17 status unpacked python-support:all 1.0.15
2000-01-01 01:05:17 status half-configured python-support:all 1.0.15
2000-01-01 01:05:18 status installed python-support:all 1.0.15
2000-01-01 01:05:18 configure cpuset:all 1.5.6-3 <none>
2000-01-01 01:05:18 status unpacked cpuset:all 1.5.6-3
2000-01-01 01:05:18 status half-configured cpuset:all 1.5.6-3
2000-01-01 01:05:19 status installed cpuset:all 1.5.6-3
2000-01-01 01:05:19 status triggers-pending python-support:all 1.0.15
2000-01-01 01:05:19 configure ncurses-term:all 5.9+20140118-1ubuntu1 <none>
2000-01-01 01:05:19 status unpacked ncurses-term:all 5.9+20140118-1ubuntu1
2000-01-01 01:05:19 status half-configured ncurses-term:all 5.9+20140118-1ubuntu1
2000-01-01 01:05:19 status installed ncurses-term:all 5.9+20140118-1ubuntu1
2000-01-01 01:05:19 configure openssh-sftp-server:armhf 1:6.6p1-2ubuntu1 <none>
2000-01-01 01:05:19 status unpacked openssh-sftp-server:armhf 1:6.6p1-2ubuntu1
2000-01-01 01:05:19 status half-configured openssh-sftp-server:armhf 1:6.6p1-2ubuntu1
2000-01-01 01:05:19 status installed openssh-sftp-server:armhf 1:6.6p1-2ubuntu1
2000-01-01 01:05:19 configure openssh-server:armhf 1:6.6p1-2ubuntu1 <none>
2000-01-01 01:05:19 status unpacked openssh-server:armhf 1:6.6p1-2ubuntu1
2000-01-01 01:05:19 status unpacked openssh-server:armhf 1:6.6p1-2ubuntu1
2000-01-01 01:05:19 status unpacked openssh-server:armhf 1:6.6p1-2ubuntu1
2000-01-01 01:05:19 status unpacked openssh-server:armhf 1:6.6p1-2ubuntu1
2000-01-01 01:05:19 status unpacked openssh-server:armhf 1:6.6p1-2ubuntu1
2000-01-01 01:05:19 status unpacked openssh-server:armhf 1:6.6p1-2ubuntu1
2000-01-01 01:05:19 status unpacked openssh-server:armhf 1:6.6p1-2ubuntu1
2000-01-01 01:05:19 status half-configured openssh-server:armhf 1:6.6p1-2ubuntu1
2000-01-01 01:05:27 status installed openssh-server:armhf 1:6.6p1-2ubuntu1
2000-01-01 01:05:27 configure python-chardet:all 2.0.1-2build2 <none>
2000-01-01 01:05:27 status unpacked python-chardet:all 2.0.1-2build2
2000-01-01 01:05:27 status half-configured python-chardet:all 2.0.1-2build2
2000-01-01 01:05:28 status installed python-chardet:all 2.0.1-2build2
2000-01-01 01:05:28 configure python-six:all 1.5.2-1 <none>
2000-01-01 01:05:28 status unpacked python-six:all 1.5.2-1
2000-01-01 01:05:28 status half-configured python-six:all 1.5.2-1
2000-01-01 01:05:29 status installed python-six:all 1.5.2-1
2000-01-01 01:05:29 configure python-urllib3:all 1.7.1-1build1 <none>
2000-01-01 01:05:29 status unpacked python-urllib3:all 1.7.1-1build1
2000-01-01 01:05:29 status half-configured python-urllib3:all 1.7.1-1build1
2000-01-01 01:05:29 status installed python-urllib3:all 1.7.1-1build1
2000-01-01 01:05:32 configure python-requests:all 2.2.1-1 <none>
2000-01-01 01:05:32 status unpacked python-requests:all 2.2.1-1
2000-01-01 01:05:32 status half-configured python-requests:all 2.2.1-1
2000-01-01 01:05:33 status installed python-requests:all 2.2.1-1
2000-01-01 01:05:34 configure tcpd:armhf 7.6.q-25 <none>
2000-01-01 01:05:34 status unpacked tcpd:armhf 7.6.q-25
2000-01-01 01:05:34 status half-configured tcpd:armhf 7.6.q-25
2000-01-01 01:05:34 status installed tcpd:armhf 7.6.q-25
2000-01-01 01:05:35 configure monit:armhf 1:5.6-2 <none>
2000-01-01 01:05:35 status unpacked monit:armhf 1:5.6-2
2000-01-01 01:05:35 status unpacked monit:armhf 1:5.6-2
2000-01-01 01:05:35 status unpacked monit:armhf 1:5.6-2
2000-01-01 01:05:35 status unpacked monit:armhf 1:5.6-2
2000-01-01 01:05:35 status unpacked monit:armhf 1:5.6-2
2000-01-01 01:05:35 status unpacked monit:armhf 1:5.6-2
2000-01-01 01:05:36 status unpacked monit:armhf 1:5.6-2
2000-01-01 01:05:36 status unpacked monit:armhf 1:5.6-2
2000-01-01 01:05:36 status unpacked monit:armhf 1:5.6-2
2000-01-01 01:05:36 status unpacked monit:armhf 1:5.6-2
2000-01-01 01:05:36 status unpacked monit:armhf 1:5.6-2
2000-01-01 01:05:36 status unpacked monit:armhf 1:5.6-2
2000-01-01 01:05:36 status unpacked monit:armhf 1:5.6-2
2000-01-01 01:05:36 status unpacked monit:armhf 1:5.6-2
2000-01-01 01:05:36 status unpacked monit:armhf 1:5.6-2
2000-01-01 01:05:36 status unpacked monit:armhf 1:5.6-2
2000-01-01 01:05:36 status unpacked monit:armhf 1:5.6-2
2000-01-01 01:05:36 status unpacked monit:armhf 1:5.6-2
2000-01-01 01:05:36 status unpacked monit:armhf 1:5.6-2
2000-01-01 01:05:36 status unpacked monit:armhf 1:5.6-2
2000-01-01 01:05:37 status unpacked monit:armhf 1:5.6-2
2000-01-01 01:05:37 status unpacked monit:armhf 1:5.6-2
2000-01-01 01:05:37 status unpacked monit:armhf 1:5.6-2
2000-01-01 01:05:37 status unpacked monit:armhf 1:5.6-2
2000-01-01 01:05:37 status half-configured monit:armhf 1:5.6-2
2000-01-01 01:05:37 status installed monit:armhf 1:5.6-2
2000-01-01 01:05:37 configure ssh-import-id:all 3.21-0ubuntu1 <none>
2000-01-01 01:05:37 status unpacked ssh-import-id:all 3.21-0ubuntu1
2000-01-01 01:05:38 status unpacked ssh-import-id:all 3.21-0ubuntu1
2000-01-01 01:05:38 status half-configured ssh-import-id:all 3.21-0ubuntu1
2000-01-01 01:05:38 status installed ssh-import-id:all 3.21-0ubuntu1
2000-01-01 01:05:38 trigproc libc-bin:armhf 2.19-0ubuntu6 <none>
2000-01-01 01:05:38 status half-configured libc-bin:armhf 2.19-0ubuntu6
2000-01-01 01:05:38 status installed libc-bin:armhf 2.19-0ubuntu6
2000-01-01 01:05:39 trigproc ca-certificates:all 20130906ubuntu2 <none>
2000-01-01 01:05:39 status half-configured ca-certificates:all 20130906ubuntu2
2000-01-01 01:05:48 status installed ca-certificates:all 20130906ubuntu2
2000-01-01 01:05:48 trigproc python-support:all 1.0.15 <none>
2000-01-01 01:05:48 status half-configured python-support:all 1.0.15
2000-01-01 01:05:49 status installed python-support:all 1.0.15
