\BOOKMARK [1][-]{section.1}{Message Packet}{}% 1
\BOOKMARK [1][-]{section.2}{Database Queries}{}% 2
\BOOKMARK [1][-]{section.3}{Message Types}{}% 3
\BOOKMARK [2][-]{subsection.3.1}{Registration}{section.3}% 4
\BOOKMARK [3][-]{subsubsection.3.1.1}{Initial Registration Message \204 Deprecated}{subsection.3.1}% 5
\BOOKMARK [3][-]{subsubsection.3.1.2}{Registration Update \204 Not Implemented}{subsection.3.1}% 6
\BOOKMARK [3][-]{subsubsection.3.1.3}{Request for Registration}{subsection.3.1}% 7
\BOOKMARK [3][-]{subsubsection.3.1.4}{Request for Configuration Registration}{subsection.3.1}% 8
\BOOKMARK [3][-]{subsubsection.3.1.5}{Request for De-registration}{subsection.3.1}% 9
\BOOKMARK [3][-]{subsubsection.3.1.6}{Registration Response}{subsection.3.1}% 10
\BOOKMARK [2][-]{subsection.3.2}{Alive Heartbeat}{section.3}% 11
\BOOKMARK [3][-]{subsubsection.3.2.1}{Onetime Heartbeat Ping Request}{subsection.3.2}% 12
\BOOKMARK [3][-]{subsubsection.3.2.2}{Onetime Heartbeat Pong}{subsection.3.2}% 13
\BOOKMARK [2][-]{subsection.3.3}{Acknowledgement}{section.3}% 14
\BOOKMARK [3][-]{subsubsection.3.3.1}{Message Receipt \205 Not Implemented}{subsection.3.3}% 15
\BOOKMARK [3][-]{subsubsection.3.3.2}{Completion of Task}{subsection.3.3}% 16
\BOOKMARK [2][-]{subsection.3.4}{Time}{section.3}% 17
\BOOKMARK [3][-]{subsubsection.3.4.1}{Request Current Time}{subsection.3.4}% 18
\BOOKMARK [3][-]{subsubsection.3.4.2}{Current Time Response}{subsection.3.4}% 19
\BOOKMARK [3][-]{subsubsection.3.4.3}{Time Update \205 Not Implemented}{subsection.3.4}% 20
\BOOKMARK [2][-]{subsection.3.5}{Sensor Data}{section.3}% 21
\BOOKMARK [2][-]{subsection.3.6}{Location}{section.3}% 22
\BOOKMARK [3][-]{subsubsection.3.6.1}{Request Current Location \205 Not Implemented}{subsection.3.6}% 23
\BOOKMARK [3][-]{subsubsection.3.6.2}{Location Standardized \205 Not Implemented}{subsection.3.6}% 24
\BOOKMARK [3][-]{subsubsection.3.6.3}{Location Meta \205 Not Implemented}{subsection.3.6}% 25
\BOOKMARK [3][-]{subsubsection.3.6.4}{Get Location Estimator Type \205 Not Implemented}{subsection.3.6}% 26
\BOOKMARK [3][-]{subsubsection.3.6.5}{Location Estimator Type \205 Not Implemented}{subsection.3.6}% 27
\BOOKMARK [3][-]{subsubsection.3.6.6}{Set Location Interrupt}{subsection.3.6}% 28
\BOOKMARK [3][-]{subsubsection.3.6.7}{Get Current Location Interrupt}{subsection.3.6}% 29
\BOOKMARK [2][-]{subsection.3.7}{Direct Command Message}{section.3}% 30
\BOOKMARK [2][-]{subsection.3.8}{Direct Request Message}{section.3}% 31
\BOOKMARK [2][-]{subsection.3.9}{Direct OS Specific Request Message}{section.3}% 32
\BOOKMARK [2][-]{subsection.3.10}{Direct Shell Command}{section.3}% 33
\BOOKMARK [2][-]{subsection.3.11}{Combined Message \205 Needs revision...}{section.3}% 34
