[UTC Jan  1 01:05:37] info     : monit: generated unique Monit id 57c18e33ec56ceb91536a48f7bc930de and stored to '/var/lib/monit/id'
[UTC Jan  1 01:05:37] info     : Starting monit daemon
[UTC Jan  1 01:05:37] info     : 'linaro-nano' Monit started
[UTC Jan  1 01:06:19] info     : monit daemon with pid [2335] killed
[UTC Jan  1 01:06:19] info     : 'linaro-nano' Monit stopped
[UTC Jan  1 01:02:11] info     : Starting monit daemon with http interface at [localhost:2812]
[UTC Jan  1 01:02:11] info     : Starting monit HTTP server at [localhost:2812]
[UTC Jan  1 01:02:11] info     : monit HTTP server started
[UTC Jan  1 01:02:11] info     : 'localhost' Monit started
[UTC Jan  1 01:02:11] error    : 'launch_waggle' process is not running
[UTC Jan  1 01:02:11] info     : 'launch_waggle' trying to restart
[UTC Jan  1 01:02:11] info     : 'launch_waggle' start: /etc/monit/scripts/launch_waggle.d
[UTC Jan  1 01:02:26] info     : 'launch_waggle' process is running with pid 610
[UTC Jan  1 01:02:56] info     : Shutting down monit HTTP server
[UTC Jan  1 01:02:57] info     : monit HTTP server stopped
[UTC Jan  1 01:02:57] info     : monit daemon with pid [603] killed
[UTC Jan  1 01:02:57] info     : 'localhost' Monit stopped
[UTC Jan  1 01:02:11] info     : Starting monit daemon with http interface at [localhost:2812]
[UTC Jan  1 01:02:11] info     : Starting monit HTTP server at [localhost:2812]
[UTC Jan  1 01:02:11] info     : monit HTTP server started
[UTC Jan  1 01:02:11] info     : 'localhost' Monit started
[UTC Jan  1 01:02:11] error    : 'launch_waggle' process is not running
[UTC Jan  1 01:02:11] info     : 'launch_waggle' trying to restart
[UTC Jan  1 01:02:11] info     : 'launch_waggle' start: /etc/monit/scripts/launch_waggle.d
[UTC Jan  1 01:02:26] info     : 'launch_waggle' process is running with pid 612
[UTC Jan  1 01:03:44] info     : Shutting down monit HTTP server
[UTC Jan  1 01:03:44] info     : monit HTTP server stopped
[UTC Jan  1 01:03:44] info     : monit daemon with pid [605] killed
[UTC Jan  1 01:03:44] info     : 'localhost' Monit stopped
