declaring fnherigfbvrefuesr
declaring ppppjf93kod93j0fu3kd93hf9hy309gtu
declaring incoming
declaring util
declaring registration
declaring data
declaring waggle_in
declaring internal
{'fnherigfbvrefuesr': ('internal', 'fnherigfbvrefuesr'), 'ppppjf93kod93j0fu3kd93hf9hy309gtu': ('internal', 'ppppjf93kod93j0fu3kd93hf9hy309gtu'), 'incoming': ('waggle_in', 'in'), 'util': ('internal', 'util'), 'registration': ('internal', 'registration'), 'data': ('internal', 'data')}
binding fnherigfbvrefuesr to internal under fnherigfbvrefuesr
binding ppppjf93kod93j0fu3kd93hf9hy309gtu to internal under ppppjf93kod93j0fu3kd93hf9hy309gtu
binding incoming to waggle_in under in
binding util to internal under util
binding registration to internal under registration
binding data to internal under data
Initializing Routing Process
Superclass initialization complete.
Establishing connection
Connection to rabbitMQ broker succeeded.
Router online.
Utility process online.
Registration process online.
declaring fnherigfbvrefuesr
declaring ppppjf93kod93j0fu3kd93hf9hy309gtu
declaring incoming
declaring util
declaring registration
declaring data
declaring waggle_in
declaring internal
{'fnherigfbvrefuesr': ('internal', 'fnherigfbvrefuesr'), 'ppppjf93kod93j0fu3kd93hf9hy309gtu': ('internal', 'ppppjf93kod93j0fu3kd93hf9hy309gtu'), 'incoming': ('waggle_in', 'in'), 'util': ('internal', 'util'), 'registration': ('internal', 'registration'), 'data': ('internal', 'data')}
binding fnherigfbvrefuesr to internal under fnherigfbvrefuesr
binding ppppjf93kod93j0fu3kd93hf9hy309gtu to internal under ppppjf93kod93j0fu3kd93hf9hy309gtu
binding incoming to waggle_in under in
binding util to internal under util
binding registration to internal under registration
binding data to internal under data
Initializing Routing Process
Superclass initialization complete.
Establishing connection
Connection to rabbitMQ broker succeeded.
Router online.
Utility process online.
Registration process online.
