kernel.printk = 4 4 1 7
kernel.kptr_restrict = 1
fs.protected_hardlinks = 1
fs.protected_symlinks = 1
kernel.sysrq = 176
net.ipv4.conf.default.rp_filter = 1
net.ipv4.conf.all.rp_filter = 1
vm.mmap_min_addr = 32768
vm.min_free_kbytes = 16384
kernel.printk = 4 4 1 7
net.ipv6.conf.all.use_tempaddr = 2
net.ipv6.conf.default.use_tempaddr = 2
kernel.kptr_restrict = 1
fs.protected_hardlinks = 1
fs.protected_symlinks = 1
kernel.sysrq = 176
net.ipv4.conf.default.rp_filter = 1
net.ipv4.conf.all.rp_filter = 1
vm.mmap_min_addr = 32768
vm.min_free_kbytes = 16384
kernel.panic = 10
kernel.printk = 4 4 1 7
net.ipv6.conf.all.use_tempaddr = 2
net.ipv6.conf.default.use_tempaddr = 2
kernel.kptr_restrict = 1
fs.protected_hardlinks = 1
fs.protected_symlinks = 1
kernel.sysrq = 176
net.ipv4.conf.default.rp_filter = 1
net.ipv4.conf.all.rp_filter = 1
vm.mmap_min_addr = 32768
vm.min_free_kbytes = 16384
kernel.panic = 10
kernel.printk = 4 4 1 7
net.ipv6.conf.all.use_tempaddr = 2
net.ipv6.conf.default.use_tempaddr = 2
kernel.kptr_restrict = 1
fs.protected_hardlinks = 1
fs.protected_symlinks = 1
kernel.sysrq = 176
net.ipv4.conf.default.rp_filter = 1
net.ipv4.conf.all.rp_filter = 1
vm.mmap_min_addr = 32768
vm.min_free_kbytes = 16384
kernel.panic = 10
kernel.printk = 4 4 1 7
net.ipv6.conf.all.use_tempaddr = 2
net.ipv6.conf.default.use_tempaddr = 2
kernel.kptr_restrict = 1
fs.protected_hardlinks = 1
fs.protected_symlinks = 1
kernel.sysrq = 176
net.ipv4.conf.default.rp_filter = 1
net.ipv4.conf.all.rp_filter = 1
vm.mmap_min_addr = 32768
vm.min_free_kbytes = 16384
kernel.panic = 10
