faulttolerance[511]: Sat Jan  1 01:00:16 UTC 2000 [START]: The lockstep file is /var/log/self-test/lockstep.log .
faulttolerance[516]: Sat Jan  1 01:00:16 UTC 2000: File does not exist. Improper shutdown detected
TOBE
faulttolerance[722]: Sat Jan  1 01:01:32 UTC 2000 [STOP]: lockstep_file /var/log/self-test/lockstep.log
faulttolerance[491]: Sat Jan  1 01:02:10 UTC 2000 [START]: The lockstep file is /var/log/self-test/lockstep.log .
faulttolerance[496]: Sat Jan  1 01:02:10 UTC 2000: File exists at start. Normal start up
faulttolerance[500]: Sat Jan  1 01:02:10 UTC 2000: Attempt CPUSET
cset: --> created cpuset "waggle"
faulttolerance[599]: Sat Jan  1 01:02:11 UTC 2000: After CPUSET
faulttolerance[607]: Sat Jan  1 01:02:11 UTC 2000: Finished with improper shutdown process
faulttolerance[713]: Sat Jan  1 01:02:56 UTC 2000 [STOP]: lockstep_file /var/log/self-test/lockstep.log
faulttolerance[508]: Sat Jan  1 01:00:15 UTC 2000 [START]: The lockstep file is /var/log/self-test/lockstep.log .
faulttolerance[514]: Sat Jan  1 01:00:15 UTC 2000: File exists at start. Normal start up
faulttolerance[519]: Sat Jan  1 01:00:15 UTC 2000: Attempt CPUSET
cset: **> CPUSPEC "0-3" specifies higher max(3) than available(1)
faulttolerance[606]: Sat Jan  1 01:00:16 UTC 2000 [STOP]: lockstep_file /var/log/self-test/lockstep.log
faulttolerance[493]: Sat Jan  1 01:02:10 UTC 2000 [START]: The lockstep file is /var/log/self-test/lockstep.log .
faulttolerance[497]: Sat Jan  1 01:02:10 UTC 2000: File exists at start. Normal start up
faulttolerance[501]: Sat Jan  1 01:02:10 UTC 2000: Attempt CPUSET
cset: --> created cpuset "waggle"
faulttolerance[601]: Sat Jan  1 01:02:11 UTC 2000: After CPUSET
faulttolerance[608]: Sat Jan  1 01:02:11 UTC 2000: Finished with improper shutdown process
faulttolerance[813]: Sat Jan  1 01:03:44 UTC 2000 [STOP]: lockstep_file /var/log/self-test/lockstep.log
faulttolerance[511]: Sat Jan  1 01:00:15 UTC 2000 [START]: The lockstep file is /var/log/self-test/lockstep.log .
faulttolerance[516]: Sat Jan  1 01:00:15 UTC 2000: File exists at start. Normal start up
faulttolerance[522]: Sat Jan  1 01:00:15 UTC 2000: Attempt CPUSET
cset: **> CPUSPEC "0-3" specifies higher max(3) than available(1)
faulttolerance[609]: Sat Jan  1 01:00:16 UTC 2000 [STOP]: lockstep_file /var/log/self-test/lockstep.log
faulttolerance[505]: Sat Jan  1 01:00:20 UTC 2000 [START]: The lockstep file is /var/log/self-test/lockstep.log .
faulttolerance[509]: Sat Jan  1 01:00:20 UTC 2000: File exists at start. Normal start up
faulttolerance[513]: Sat Jan  1 01:00:20 UTC 2000: Attempt CPUSET
cset: **> CPUSPEC "0-3" specifies higher max(3) than available(1)
faulttolerance[603]: Sat Jan  1 01:00:20 UTC 2000 [STOP]: lockstep_file /var/log/self-test/lockstep.log
